***********************************************************************************************************

Mode: AVOID_TRAFFIC_JAM

SmarPickUp: false

Refugee Island On: false

Random number seed: 1168243636

Number Of ExpressCenters: 36

Number Of Parcels: 180000

Number Of Cars: 100

Maximum Car carrying weight: 100

Map size: 300

The degree of busyLevel in Express Centre: 9

Congestion Level: 8

***********************************************************************************************************

Sum Of All Parcels Delivering Time: 629018624

Average Parcel Delivering Time Since Pick Up: 3494

Average Parcel Delivering Time Since Generate: 13237

Longest Deliver time since pick up13710

Longest Deliver time since generate35326

System Time Of Finishing Delivery All Parcels: 164486

Time Saved By Path Changing Path (compare to old path): 389179

***********************************************************************************************************
