Parcel :5404 DELIVERED FROM Station: Great Portland Street TO Station: Euston Square
RELEASE TIME 1509 ARRIVED TIME 1654 TIME SPENDING 145
PARCEL REMAINING 6799...

Parcel :5437 DELIVERED FROM Station: Great Portland Street TO Station: Euston Square
RELEASE TIME 1514 ARRIVED TIME 1662 TIME SPENDING 148
PARCEL REMAINING 6798...

Parcel :5403 DELIVERED FROM Station: Great Portland Street TO Station: King's Cross St. Pancras
RELEASE TIME 1508 ARRIVED TIME 1752 TIME SPENDING 244
PARCEL REMAINING 6797...

Parcel :5436 DELIVERED FROM Station: Great Portland Street TO Station: King's Cross St. Pancras
RELEASE TIME 1528 ARRIVED TIME 1774 TIME SPENDING 246
PARCEL REMAINING 6796...

Parcel :5469 DELIVERED FROM Station: Great Portland Street TO Station: King's Cross St. Pancras
RELEASE TIME 1528 ARRIVED TIME 1774 TIME SPENDING 246
PARCEL REMAINING 6795...

Parcel :5411 DELIVERED FROM Station: Great Portland Street TO Station: Farringdon
RELEASE TIME 1505 ARRIVED TIME 1878 TIME SPENDING 373
PARCEL REMAINING 6794...

Parcel :5443 DELIVERED FROM Station: Great Portland Street TO Station: Euston
RELEASE TIME 1530 ARRIVED TIME 1911 TIME SPENDING 381
PARCEL REMAINING 6793...

Parcel :5413 DELIVERED FROM Station: Great Portland Street TO Station: Russell Square
RELEASE TIME 1514 ARRIVED TIME 1915 TIME SPENDING 401
PARCEL REMAINING 6792...

Parcel :6408 DELIVERED FROM Station: Euston Square TO Station: Russell Square
RELEASE TIME 1662 ARRIVED TIME 1915 TIME SPENDING 253
PARCEL REMAINING 6791...

Parcel :5412 DELIVERED FROM Station: Great Portland Street TO Station: Barbican
RELEASE TIME 1506 ARRIVED TIME 1936 TIME SPENDING 430
PARCEL REMAINING 6790...

Parcel :5478 DELIVERED FROM Station: Great Portland Street TO Station: Barbican
RELEASE TIME 1541 ARRIVED TIME 1972 TIME SPENDING 431
PARCEL REMAINING 6789...

Parcel :5407 DELIVERED FROM Station: Great Portland Street TO Station: Goodge Street
RELEASE TIME 1511 ARRIVED TIME 2038 TIME SPENDING 527
PARCEL REMAINING 6788...

Parcel :5460 DELIVERED FROM Station: Great Portland Street TO Station: Moorgate
RELEASE TIME 1541 ARRIVED TIME 2083 TIME SPENDING 542
PARCEL REMAINING 6787...

Parcel :5422 DELIVERED FROM Station: Great Portland Street TO Station: Tottenham Court Road
RELEASE TIME 1520 ARRIVED TIME 2109 TIME SPENDING 589
PARCEL REMAINING 6786...

Parcel :5455 DELIVERED FROM Station: Great Portland Street TO Station: Tottenham Court Road
RELEASE TIME 1536 ARRIVED TIME 2111 TIME SPENDING 575
PARCEL REMAINING 6785...

Parcel :5432 DELIVERED FROM Station: Great Portland Street TO Station: Liverpool Street
RELEASE TIME 1525 ARRIVED TIME 2157 TIME SPENDING 632
PARCEL REMAINING 6784...

Parcel :5465 DELIVERED FROM Station: Great Portland Street TO Station: Liverpool Street
RELEASE TIME 1525 ARRIVED TIME 2157 TIME SPENDING 632
PARCEL REMAINING 6783...

Parcel :4204 DELIVERED FROM Station: Moorgate TO Station: Liverpool Street
RELEASE TIME 2083 ARRIVED TIME 2166 TIME SPENDING 83
PARCEL REMAINING 6782...

Parcel :3202 DELIVERED FROM Station: Tottenham Court Road TO Station: Holborn
RELEASE TIME 2109 ARRIVED TIME 2246 TIME SPENDING 137
PARCEL REMAINING 6781...

Parcel :5449 DELIVERED FROM Station: Great Portland Street TO Station: Green Park
RELEASE TIME 1533 ARRIVED TIME 2271 TIME SPENDING 738
PARCEL REMAINING 6780...

Parcel :5409 DELIVERED FROM Station: Great Portland Street TO Station: Aldgate
RELEASE TIME 1512 ARRIVED TIME 2274 TIME SPENDING 762
PARCEL REMAINING 6779...

Parcel :6205 DELIVERED FROM Station: King's Cross St. Pancras TO Station: Aldgate
RELEASE TIME 1774 ARRIVED TIME 2285 TIME SPENDING 511
PARCEL REMAINING 6778...

Parcel :5475 DELIVERED FROM Station: Great Portland Street TO Station: Aldgate
RELEASE TIME 1539 ARRIVED TIME 2298 TIME SPENDING 759
PARCEL REMAINING 6777...

Parcel :5438 DELIVERED FROM Station: Great Portland Street TO Station: Embankment
RELEASE TIME 1516 ARRIVED TIME 2300 TIME SPENDING 784
PARCEL REMAINING 6776...

Parcel :5201 DELIVERED FROM Station: Liverpool Street TO Station: Bank
RELEASE TIME 2157 ARRIVED TIME 2304 TIME SPENDING 147
PARCEL REMAINING 6775...

Parcel :5448 DELIVERED FROM Station: Great Portland Street TO Station: Old Street
RELEASE TIME 1532 ARRIVED TIME 2329 TIME SPENDING 797
PARCEL REMAINING 6774...

Parcel :1401 DELIVERED FROM Station: Russell Square TO Station: Old Street
RELEASE TIME 1915 ARRIVED TIME 2355 TIME SPENDING 440
PARCEL REMAINING 6773...

Parcel :5480 DELIVERED FROM Station: Great Portland Street TO Station: Mornington Crescent
RELEASE TIME 1536 ARRIVED TIME 2371 TIME SPENDING 835
PARCEL REMAINING 6772...

Parcel :5454 DELIVERED FROM Station: Great Portland Street TO Station: Tower Hill
RELEASE TIME 1535 ARRIVED TIME 2376 TIME SPENDING 841
PARCEL REMAINING 6771...

Parcel :5417 DELIVERED FROM Station: Great Portland Street TO Station: Blackfriars
RELEASE TIME 1516 ARRIVED TIME 2386 TIME SPENDING 870
PARCEL REMAINING 6770...

Parcel :5457 DELIVERED FROM Station: Great Portland Street TO Station: Charing Cross
RELEASE TIME 1534 ARRIVED TIME 2413 TIME SPENDING 879
PARCEL REMAINING 6769...

Parcel :5401 DELIVERED FROM Station: Great Portland Street TO Station: Chancery Lane
RELEASE TIME 1505 ARRIVED TIME 2448 TIME SPENDING 943
PARCEL REMAINING 6768...

Parcel :2201 DELIVERED FROM Station: Blackfriars TO Station: Cannon Street
RELEASE TIME 2386 ARRIVED TIME 2452 TIME SPENDING 66
PARCEL REMAINING 6767...

Parcel :5202 DELIVERED FROM Station: Liverpool Street TO Station: Chancery Lane
RELEASE TIME 2157 ARRIVED TIME 2452 TIME SPENDING 295
PARCEL REMAINING 6766...

Parcel :5434 DELIVERED FROM Station: Great Portland Street TO Station: Chancery Lane
RELEASE TIME 1526 ARRIVED TIME 2453 TIME SPENDING 927
PARCEL REMAINING 6765...

Parcel :5459 DELIVERED FROM Station: Great Portland Street TO Station: Monument
RELEASE TIME 1539 ARRIVED TIME 2460 TIME SPENDING 921
PARCEL REMAINING 6764...

Parcel :5462 DELIVERED FROM Station: Great Portland Street TO Station: St. Paul's
RELEASE TIME 1542 ARRIVED TIME 2483 TIME SPENDING 941
PARCEL REMAINING 6763...

Parcel :5423 DELIVERED FROM Station: Great Portland Street TO Station: Piccadilly Circus
RELEASE TIME 1511 ARRIVED TIME 2490 TIME SPENDING 979
PARCEL REMAINING 6762...

Parcel :5405 DELIVERED FROM Station: Great Portland Street TO Station: Embankment
RELEASE TIME 1510 ARRIVED TIME 2501 TIME SPENDING 991
PARCEL REMAINING 6761...

Parcel :5415 DELIVERED FROM Station: Great Portland Street TO Station: Old Street
RELEASE TIME 1515 ARRIVED TIME 2539 TIME SPENDING 1024
PARCEL REMAINING 6760...

Parcel :5410 DELIVERED FROM Station: Great Portland Street TO Station: Euston
RELEASE TIME 1513 ARRIVED TIME 2543 TIME SPENDING 1030
PARCEL REMAINING 6759...

Parcel :4605 DELIVERED FROM Station: St. Paul's TO Station: Chancery Lane
RELEASE TIME 2483 ARRIVED TIME 2560 TIME SPENDING 77
PARCEL REMAINING 6758...

Parcel :5428 DELIVERED FROM Station: Great Portland Street TO Station: Leicester Square
RELEASE TIME 1523 ARRIVED TIME 2572 TIME SPENDING 1049
PARCEL REMAINING 6757...

Parcel :6215 DELIVERED FROM Station: King's Cross St. Pancras TO Station: Cannon Street
RELEASE TIME 1774 ARRIVED TIME 2583 TIME SPENDING 809
PARCEL REMAINING 6756...

Parcel :5418 DELIVERED FROM Station: Great Portland Street TO Station: Mansion House
RELEASE TIME 1508 ARRIVED TIME 2595 TIME SPENDING 1087
PARCEL REMAINING 6755...

Parcel :5450 DELIVERED FROM Station: Great Portland Street TO Station: Blackfriars
RELEASE TIME 1534 ARRIVED TIME 2610 TIME SPENDING 1076
PARCEL REMAINING 6754...

Parcel :4601 DELIVERED FROM Station: St. Paul's TO Station: Covent Garden
RELEASE TIME 2483 ARRIVED TIME 2644 TIME SPENDING 161
PARCEL REMAINING 6753...

Parcel :5442 DELIVERED FROM Station: Great Portland Street TO Station: Aldgate
RELEASE TIME 1519 ARRIVED TIME 2664 TIME SPENDING 1145
PARCEL REMAINING 6752...

Parcel :5402 DELIVERED FROM Station: Great Portland Street TO Station: Temple
RELEASE TIME 1506 ARRIVED TIME 2664 TIME SPENDING 1158
PARCEL REMAINING 6751...

Parcel :6201 DELIVERED FROM Station: King's Cross St. Pancras TO Station: Embankment
RELEASE TIME 1752 ARRIVED TIME 2712 TIME SPENDING 960
PARCEL REMAINING 6750...

Parcel :5452 DELIVERED FROM Station: Great Portland Street TO Station: Cannon Street
RELEASE TIME 1533 ARRIVED TIME 2722 TIME SPENDING 1189
PARCEL REMAINING 6749...

Parcel :2002 DELIVERED FROM Station: Green Park TO Station: Cannon Street
RELEASE TIME 2271 ARRIVED TIME 2722 TIME SPENDING 451
PARCEL REMAINING 6748...

Parcel :5419 DELIVERED FROM Station: Great Portland Street TO Station: Cannon Street
RELEASE TIME 1510 ARRIVED TIME 2724 TIME SPENDING 1214
PARCEL REMAINING 6747...

Parcel :5435 DELIVERED FROM Station: Great Portland Street TO Station: Temple
RELEASE TIME 1527 ARRIVED TIME 2731 TIME SPENDING 1204
PARCEL REMAINING 6746...

Parcel :5468 DELIVERED FROM Station: Great Portland Street TO Station: Temple
RELEASE TIME 1527 ARRIVED TIME 2731 TIME SPENDING 1204
PARCEL REMAINING 6745...

Parcel :5421 DELIVERED FROM Station: Great Portland Street TO Station: Tower Hill
RELEASE TIME 1519 ARRIVED TIME 2748 TIME SPENDING 1229
PARCEL REMAINING 6744...

Parcel :5444 DELIVERED FROM Station: Great Portland Street TO Station: Farringdon
RELEASE TIME 1520 ARRIVED TIME 2823 TIME SPENDING 1303
PARCEL REMAINING 6743...

Parcel :2616 DELIVERED FROM Station: Cannon Street TO Station: Temple
RELEASE TIME 2722 ARRIVED TIME 2841 TIME SPENDING 119
PARCEL REMAINING 6742...

Parcel :5203 DELIVERED FROM Station: Liverpool Street TO Station: Temple
RELEASE TIME 2157 ARRIVED TIME 2854 TIME SPENDING 697
PARCEL REMAINING 6741...

Parcel :5453 DELIVERED FROM Station: Great Portland Street TO Station: Oxford Circus
RELEASE TIME 1523 ARRIVED TIME 2862 TIME SPENDING 1339
PARCEL REMAINING 6740...

Parcel :211 DELIVERED FROM Station: Goodge Street TO Station: Cannon Street
RELEASE TIME 2038 ARRIVED TIME 2866 TIME SPENDING 828
PARCEL REMAINING 6739...

Parcel :5420 DELIVERED FROM Station: Great Portland Street TO Station: Oxford Circus
RELEASE TIME 1517 ARRIVED TIME 2869 TIME SPENDING 1352
PARCEL REMAINING 6738...

Parcel :1008 DELIVERED FROM Station: Farringdon TO Station: Oxford Circus
RELEASE TIME 1878 ARRIVED TIME 2871 TIME SPENDING 993
PARCEL REMAINING 6737...

Parcel :5431 DELIVERED FROM Station: Great Portland Street TO Station: Covent Garden
RELEASE TIME 1513 ARRIVED TIME 2926 TIME SPENDING 1413
PARCEL REMAINING 6736...

Parcel :5439 DELIVERED FROM Station: Great Portland Street TO Station: Regent's Park
RELEASE TIME 1526 ARRIVED TIME 2936 TIME SPENDING 1410
PARCEL REMAINING 6735...

Parcel :5406 DELIVERED FROM Station: Great Portland Street TO Station: Regent's Park
RELEASE TIME 1505 ARRIVED TIME 2941 TIME SPENDING 1436
PARCEL REMAINING 6734...

Parcel :622 DELIVERED FROM Station: Aldgate TO Station: Liverpool Street
RELEASE TIME 2664 ARRIVED TIME 2964 TIME SPENDING 300
PARCEL REMAINING 6733...

Parcel :5408 DELIVERED FROM Station: Great Portland Street TO Station: Warren Street
RELEASE TIME 1509 ARRIVED TIME 2975 TIME SPENDING 1466
PARCEL REMAINING 6732...

Parcel :5446 DELIVERED FROM Station: Great Portland Street TO Station: Russell Square
RELEASE TIME 1530 ARRIVED TIME 2984 TIME SPENDING 1454
PARCEL REMAINING 6731...

Parcel :5426 DELIVERED FROM Station: Great Portland Street TO Station: Monument
RELEASE TIME 1522 ARRIVED TIME 2993 TIME SPENDING 1471
PARCEL REMAINING 6730...

Parcel :6002 DELIVERED FROM Station: Temple TO Station: Embankment
RELEASE TIME 2731 ARRIVED TIME 3030 TIME SPENDING 299
PARCEL REMAINING 6729...

Parcel :802 DELIVERED FROM Station: Euston TO Station: Russell Square
RELEASE TIME 2543 ARRIVED TIME 3057 TIME SPENDING 514
PARCEL REMAINING 6728...

Parcel :5440 DELIVERED FROM Station: Great Portland Street TO Station: Goodge Street
RELEASE TIME 1517 ARRIVED TIME 3066 TIME SPENDING 1549
PARCEL REMAINING 6727...

Parcel :2601 DELIVERED FROM Station: Cannon Street TO Station: Tower Hill
RELEASE TIME 2452 ARRIVED TIME 3070 TIME SPENDING 618
PARCEL REMAINING 6726...

Parcel :3209 DELIVERED FROM Station: Tottenham Court Road TO Station: Liverpool Street
RELEASE TIME 2111 ARRIVED TIME 3073 TIME SPENDING 962
PARCEL REMAINING 6725...

Parcel :1207 DELIVERED FROM Station: Barbican TO Station: Oxford Circus
RELEASE TIME 1936 ARRIVED TIME 3086 TIME SPENDING 1150
PARCEL REMAINING 6724...

Parcel :5445 DELIVERED FROM Station: Great Portland Street TO Station: Barbican
RELEASE TIME 1531 ARRIVED TIME 3101 TIME SPENDING 1570
PARCEL REMAINING 6723...

Parcel :6021 DELIVERED FROM Station: Temple TO Station: Charing Cross
RELEASE TIME 2854 ARRIVED TIME 3117 TIME SPENDING 263
PARCEL REMAINING 6722...

Parcel :3003 DELIVERED FROM Station: Tower Hill TO Station: Holborn
RELEASE TIME 2376 ARRIVED TIME 3122 TIME SPENDING 746
PARCEL REMAINING 6721...

Parcel :5484 DELIVERED FROM Station: Great Portland Street TO Station: Mansion House
RELEASE TIME 1542 ARRIVED TIME 3150 TIME SPENDING 1608
PARCEL REMAINING 6720...

Parcel :6604 DELIVERED FROM Station: Embankment TO Station: Aldgate
RELEASE TIME 2300 ARRIVED TIME 3154 TIME SPENDING 854
PARCEL REMAINING 6719...

Parcel :3007 DELIVERED FROM Station: Tower Hill TO Station: St. Paul's
RELEASE TIME 2748 ARRIVED TIME 3166 TIME SPENDING 418
PARCEL REMAINING 6718...

Parcel :1801 DELIVERED FROM Station: Old Street TO Station: Blackfriars
RELEASE TIME 2355 ARRIVED TIME 3195 TIME SPENDING 840
PARCEL REMAINING 6717...

Parcel :1 DELIVERED FROM Station: Regent's Park TO Station: Warren Street
RELEASE TIME 2936 ARRIVED TIME 3253 TIME SPENDING 317
PARCEL REMAINING 6716...

Parcel :1804 DELIVERED FROM Station: Old Street TO Station: Oxford Circus
RELEASE TIME 2539 ARRIVED TIME 3257 TIME SPENDING 718
PARCEL REMAINING 6715...

Parcel :5441 DELIVERED FROM Station: Great Portland Street TO Station: Warren Street
RELEASE TIME 1529 ARRIVED TIME 3260 TIME SPENDING 1731
PARCEL REMAINING 6714...

Parcel :5474 DELIVERED FROM Station: Great Portland Street TO Station: Warren Street
RELEASE TIME 1529 ARRIVED TIME 3260 TIME SPENDING 1731
PARCEL REMAINING 6713...

Parcel :3601 DELIVERED FROM Station: Charing Cross TO Station: Monument
RELEASE TIME 2413 ARRIVED TIME 3267 TIME SPENDING 854
PARCEL REMAINING 6712...

Parcel :1606 DELIVERED FROM Station: Mornington Crescent TO Station: Tower Hill
RELEASE TIME 2371 ARRIVED TIME 3287 TIME SPENDING 916
PARCEL REMAINING 6711...

Parcel :801 DELIVERED FROM Station: Euston TO Station: Barbican
RELEASE TIME 1911 ARRIVED TIME 3320 TIME SPENDING 1409
PARCEL REMAINING 6710...

Parcel :6401 DELIVERED FROM Station: Euston Square TO Station: Regent's Park
RELEASE TIME 1654 ARRIVED TIME 3325 TIME SPENDING 1671
PARCEL REMAINING 6709...

Parcel :401 DELIVERED FROM Station: Warren Street TO Station: Euston
RELEASE TIME 3260 ARRIVED TIME 3331 TIME SPENDING 71
PARCEL REMAINING 6708...

Parcel :6615 DELIVERED FROM Station: Embankment TO Station: Oxford Circus
RELEASE TIME 3030 ARRIVED TIME 3334 TIME SPENDING 304
PARCEL REMAINING 6707...

Parcel :2401 DELIVERED FROM Station: Mansion House TO Station: Oxford Circus
RELEASE TIME 2595 ARRIVED TIME 3339 TIME SPENDING 744
PARCEL REMAINING 6706...

Parcel :5416 DELIVERED FROM Station: Great Portland Street TO Station: Green Park
RELEASE TIME 1515 ARRIVED TIME 3344 TIME SPENDING 1829
PARCEL REMAINING 6705...

Parcel :2603 DELIVERED FROM Station: Cannon Street TO Station: Piccadilly Circus
RELEASE TIME 2722 ARRIVED TIME 3347 TIME SPENDING 625
PARCEL REMAINING 6704...

Parcel :2801 DELIVERED FROM Station: Oxford Circus TO Station: Tottenham Court Road
RELEASE TIME 2869 ARRIVED TIME 3383 TIME SPENDING 514
PARCEL REMAINING 6703...

Parcel :214 DELIVERED FROM Station: Goodge Street TO Station: Tottenham Court Road
RELEASE TIME 3066 ARRIVED TIME 3383 TIME SPENDING 317
PARCEL REMAINING 6702...

Parcel :1807 DELIVERED FROM Station: Old Street TO Station: Piccadilly Circus
RELEASE TIME 2539 ARRIVED TIME 3393 TIME SPENDING 854
PARCEL REMAINING 6701...

Parcel :5463 DELIVERED FROM Station: Great Portland Street TO Station: Angel
RELEASE TIME 3047 ARRIVED TIME 3409 TIME SPENDING 362
PARCEL REMAINING 6700...

Parcel :5461 DELIVERED FROM Station: Great Portland Street TO Station: Leicester Square
RELEASE TIME 1535 ARRIVED TIME 3453 TIME SPENDING 1918
PARCEL REMAINING 6699...

Parcel :1803 DELIVERED FROM Station: Old Street TO Station: Cannon Street
RELEASE TIME 2329 ARRIVED TIME 3454 TIME SPENDING 1125
PARCEL REMAINING 6698...

Parcel :5425 DELIVERED FROM Station: Great Portland Street TO Station: Holborn
RELEASE TIME 1521 ARRIVED TIME 3462 TIME SPENDING 1941
PARCEL REMAINING 6697...

Parcel :5424 DELIVERED FROM Station: Great Portland Street TO Station: Charing Cross
RELEASE TIME 1519 ARRIVED TIME 3463 TIME SPENDING 1944
PARCEL REMAINING 6696...

Parcel :6003 DELIVERED FROM Station: Temple TO Station: Regent's Park
RELEASE TIME 2731 ARRIVED TIME 3465 TIME SPENDING 734
PARCEL REMAINING 6695...

Parcel :4401 DELIVERED FROM Station: Leicester Square TO Station: Angel
RELEASE TIME 2572 ARRIVED TIME 3466 TIME SPENDING 894
PARCEL REMAINING 6694...

Parcel :2809 DELIVERED FROM Station: Oxford Circus TO Station: Angel
RELEASE TIME 2862 ARRIVED TIME 3466 TIME SPENDING 604
PARCEL REMAINING 6693...

Parcel :6202 DELIVERED FROM Station: King's Cross St. Pancras TO Station: Regent's Park
RELEASE TIME 1752 ARRIVED TIME 3466 TIME SPENDING 1714
PARCEL REMAINING 6692...

Parcel :6601 DELIVERED FROM Station: Embankment TO Station: Regent's Park
RELEASE TIME 2501 ARRIVED TIME 3467 TIME SPENDING 966
PARCEL REMAINING 6691...

Parcel :3802 DELIVERED FROM Station: Holborn TO Station: Leicester Square
RELEASE TIME 2246 ARRIVED TIME 3474 TIME SPENDING 1228
PARCEL REMAINING 6690...

Parcel :5433 DELIVERED FROM Station: Great Portland Street TO Station: Bank
RELEASE TIME 1524 ARRIVED TIME 3482 TIME SPENDING 1958
PARCEL REMAINING 6689...

Parcel :201 DELIVERED FROM Station: Goodge Street TO Station: Aldgate
RELEASE TIME 2038 ARRIVED TIME 3482 TIME SPENDING 1444
PARCEL REMAINING 6688...

Parcel :5458 DELIVERED FROM Station: Great Portland Street TO Station: Holborn
RELEASE TIME 1538 ARRIVED TIME 3484 TIME SPENDING 1946
PARCEL REMAINING 6687...

Parcel :5451 DELIVERED FROM Station: Great Portland Street TO Station: Mansion House
RELEASE TIME 1532 ARRIVED TIME 3489 TIME SPENDING 1957
PARCEL REMAINING 6686...

Parcel :1802 DELIVERED FROM Station: Old Street TO Station: Mansion House
RELEASE TIME 2329 ARRIVED TIME 3489 TIME SPENDING 1160
PARCEL REMAINING 6685...

Parcel :5815 DELIVERED FROM Station: Chancery Lane TO Station: Green Park
RELEASE TIME 2560 ARRIVED TIME 3495 TIME SPENDING 935
PARCEL REMAINING 6684...

Parcel :2003 DELIVERED FROM Station: Green Park TO Station: Oxford Circus
RELEASE TIME 3344 ARRIVED TIME 3529 TIME SPENDING 185
PARCEL REMAINING 6683...

Parcel :5801 DELIVERED FROM Station: Chancery Lane TO Station: Temple
RELEASE TIME 2448 ARRIVED TIME 3535 TIME SPENDING 1087
PARCEL REMAINING 6682...

Parcel :5208 DELIVERED FROM Station: Liverpool Street TO Station: Goodge Street
RELEASE TIME 2157 ARRIVED TIME 3536 TIME SPENDING 1379
PARCEL REMAINING 6681...

Parcel :5479 DELIVERED FROM Station: Great Portland Street TO Station: Russell Square
RELEASE TIME 1531 ARRIVED TIME 3543 TIME SPENDING 2012
PARCEL REMAINING 6680...

Parcel :5427 DELIVERED FROM Station: Great Portland Street TO Station: Moorgate
RELEASE TIME 1522 ARRIVED TIME 3552 TIME SPENDING 2030
PARCEL REMAINING 6679...

Parcel :3201 DELIVERED FROM Station: Tottenham Court Road TO Station: Charing Cross
RELEASE TIME 2109 ARRIVED TIME 3573 TIME SPENDING 1464
PARCEL REMAINING 6678...

Parcel :5470 DELIVERED FROM Station: Great Portland Street TO Station: Euston Square
RELEASE TIME 3427 ARRIVED TIME 3587 TIME SPENDING 160
PARCEL REMAINING 6677...

Parcel :6019 DELIVERED FROM Station: Temple TO Station: Tottenham Court Road
RELEASE TIME 2841 ARRIVED TIME 3588 TIME SPENDING 747
PARCEL REMAINING 6676...

Parcel :1201 DELIVERED FROM Station: Barbican TO Station: Mornington Crescent
RELEASE TIME 1972 ARRIVED TIME 3589 TIME SPENDING 1617
PARCEL REMAINING 6675...

Parcel :5215 DELIVERED FROM Station: Liverpool Street TO Station: Mornington Crescent
RELEASE TIME 2166 ARRIVED TIME 3589 TIME SPENDING 1423
PARCEL REMAINING 6674...

Parcel :5414 DELIVERED FROM Station: Great Portland Street TO Station: Mornington Crescent
RELEASE TIME 1512 ARRIVED TIME 3593 TIME SPENDING 2081
PARCEL REMAINING 6673...

Parcel :6203 DELIVERED FROM Station: King's Cross St. Pancras TO Station: Goodge Street
RELEASE TIME 1774 ARRIVED TIME 3632 TIME SPENDING 1858
PARCEL REMAINING 6672...

Parcel :5503 DELIVERED FROM Station: Great Portland Street TO Station: Euston Square
RELEASE TIME 3489 ARRIVED TIME 3633 TIME SPENDING 144
PARCEL REMAINING 6671...

Parcel :1411 DELIVERED FROM Station: Russell Square TO Station: Holborn
RELEASE TIME 3543 ARRIVED TIME 3638 TIME SPENDING 95
PARCEL REMAINING 6670...

Parcel :1011 DELIVERED FROM Station: Farringdon TO Station: Piccadilly Circus
RELEASE TIME 2823 ARRIVED TIME 3641 TIME SPENDING 818
PARCEL REMAINING 6669...

Parcel :5803 DELIVERED FROM Station: Chancery Lane TO Station: Euston Square
RELEASE TIME 2453 ARRIVED TIME 3644 TIME SPENDING 1191
PARCEL REMAINING 6668...

Parcel :6603 DELIVERED FROM Station: Embankment TO Station: Warren Street
RELEASE TIME 3030 ARRIVED TIME 3653 TIME SPENDING 623
PARCEL REMAINING 6667...

Parcel :2821 DELIVERED FROM Station: Oxford Circus TO Station: Warren Street
RELEASE TIME 3334 ARRIVED TIME 3653 TIME SPENDING 319
PARCEL REMAINING 6666...

Parcel :807 DELIVERED FROM Station: Euston TO Station: Mansion House
RELEASE TIME 2543 ARRIVED TIME 3659 TIME SPENDING 1116
PARCEL REMAINING 6665...

Parcel :1404 DELIVERED FROM Station: Russell Square TO Station: Mansion House
RELEASE TIME 3057 ARRIVED TIME 3659 TIME SPENDING 602
PARCEL REMAINING 6664...

Parcel :5809 DELIVERED FROM Station: Chancery Lane TO Station: Euston
RELEASE TIME 2452 ARRIVED TIME 3688 TIME SPENDING 1236
PARCEL REMAINING 6663...

Parcel :2803 DELIVERED FROM Station: Oxford Circus TO Station: Charing Cross
RELEASE TIME 2869 ARRIVED TIME 3694 TIME SPENDING 825
PARCEL REMAINING 6662...

Parcel :5473 DELIVERED FROM Station: Great Portland Street TO Station: Goodge Street
RELEASE TIME 1538 ARRIVED TIME 3707 TIME SPENDING 2169
PARCEL REMAINING 6661...

Parcel :6204 DELIVERED FROM Station: King's Cross St. Pancras TO Station: Warren Street
RELEASE TIME 1774 ARRIVED TIME 3713 TIME SPENDING 1939
PARCEL REMAINING 6660...

Parcel :5464 DELIVERED FROM Station: Great Portland Street TO Station: Covent Garden
RELEASE TIME 3196 ARRIVED TIME 3723 TIME SPENDING 527
PARCEL REMAINING 6659...

Parcel :2407 DELIVERED FROM Station: Mansion House TO Station: Monument
RELEASE TIME 3489 ARRIVED TIME 3724 TIME SPENDING 235
PARCEL REMAINING 6658...

Parcel :3401 DELIVERED FROM Station: Piccadilly Circus TO Station: Holborn
RELEASE TIME 3347 ARRIVED TIME 3725 TIME SPENDING 378
PARCEL REMAINING 6657...

Parcel :419 DELIVERED FROM Station: Warren Street TO Station: Leicester Square
RELEASE TIME 3260 ARRIVED TIME 3735 TIME SPENDING 475
PARCEL REMAINING 6656...

Parcel :3212 DELIVERED FROM Station: Tottenham Court Road TO Station: Chancery Lane
RELEASE TIME 3588 ARRIVED TIME 3773 TIME SPENDING 185
PARCEL REMAINING 6655...

Parcel :2205 DELIVERED FROM Station: Blackfriars TO Station: Piccadilly Circus
RELEASE TIME 3195 ARRIVED TIME 3778 TIME SPENDING 583
PARCEL REMAINING 6654...

Parcel :4001 DELIVERED FROM Station: Monument TO Station: Leicester Square
RELEASE TIME 2460 ARRIVED TIME 3794 TIME SPENDING 1334
PARCEL REMAINING 6653...

Parcel :5602 DELIVERED FROM Station: Bank TO Station: King's Cross St. Pancras
RELEASE TIME 2304 ARRIVED TIME 3818 TIME SPENDING 1514
PARCEL REMAINING 6652...

Parcel :1402 DELIVERED FROM Station: Russell Square TO Station: Green Park
RELEASE TIME 1915 ARRIVED TIME 3827 TIME SPENDING 1912
PARCEL REMAINING 6651...

Parcel :2203 DELIVERED FROM Station: Blackfriars TO Station: Tower Hill
RELEASE TIME 2610 ARRIVED TIME 3830 TIME SPENDING 1220
PARCEL REMAINING 6650...

Parcel :6605 DELIVERED FROM Station: Embankment TO Station: Euston
RELEASE TIME 2501 ARRIVED TIME 3832 TIME SPENDING 1331
PARCEL REMAINING 6649...

Parcel :4002 DELIVERED FROM Station: Monument TO Station: St. Paul's
RELEASE TIME 2993 ARRIVED TIME 3873 TIME SPENDING 880
PARCEL REMAINING 6648...

Parcel :4 DELIVERED FROM Station: Regent's Park TO Station: Farringdon
RELEASE TIME 2936 ARRIVED TIME 3877 TIME SPENDING 941
PARCEL REMAINING 6647...

Parcel :1406 DELIVERED FROM Station: Russell Square TO Station: Oxford Circus
RELEASE TIME 2984 ARRIVED TIME 3877 TIME SPENDING 893
PARCEL REMAINING 6646...

Parcel :3203 DELIVERED FROM Station: Tottenham Court Road TO Station: Monument
RELEASE TIME 2111 ARRIVED TIME 3907 TIME SPENDING 1796
PARCEL REMAINING 6645...

Parcel :3002 DELIVERED FROM Station: Tower Hill TO Station: Charing Cross
RELEASE TIME 2376 ARRIVED TIME 3907 TIME SPENDING 1531
PARCEL REMAINING 6644...

Parcel :2604 DELIVERED FROM Station: Cannon Street TO Station: Charing Cross
RELEASE TIME 2452 ARRIVED TIME 3934 TIME SPENDING 1482
PARCEL REMAINING 6643...

Parcel :5489 DELIVERED FROM Station: Great Portland Street TO Station: Piccadilly Circus
RELEASE TIME 3196 ARRIVED TIME 3938 TIME SPENDING 742
PARCEL REMAINING 6642...

Parcel :6608 DELIVERED FROM Station: Embankment TO Station: Russell Square
RELEASE TIME 2712 ARRIVED TIME 3957 TIME SPENDING 1245
PARCEL REMAINING 6641...

Parcel :6410 DELIVERED FROM Station: Euston Square TO Station: Old Street
RELEASE TIME 3633 ARRIVED TIME 3963 TIME SPENDING 330
PARCEL REMAINING 6640...

Parcel :805 DELIVERED FROM Station: Euston TO Station: Green Park
RELEASE TIME 1911 ARRIVED TIME 3964 TIME SPENDING 2053
PARCEL REMAINING 6639...

Parcel :6001 DELIVERED FROM Station: Temple TO Station: Euston Square
RELEASE TIME 2664 ARRIVED TIME 3975 TIME SPENDING 1311
PARCEL REMAINING 6638...

Parcel :1210 DELIVERED FROM Station: Barbican TO Station: Piccadilly Circus
RELEASE TIME 3320 ARRIVED TIME 4013 TIME SPENDING 693
PARCEL REMAINING 6637...

Parcel :3803 DELIVERED FROM Station: Holborn TO Station: St. Paul's
RELEASE TIME 3484 ARRIVED TIME 4027 TIME SPENDING 543
PARCEL REMAINING 6636...

Parcel :3604 DELIVERED FROM Station: Charing Cross TO Station: St. Paul's
RELEASE TIME 3463 ARRIVED TIME 4034 TIME SPENDING 571
PARCEL REMAINING 6635...

Parcel :5447 DELIVERED FROM Station: Great Portland Street TO Station: Mornington Crescent
RELEASE TIME 1521 ARRIVED TIME 4039 TIME SPENDING 2518
PARCEL REMAINING 6634...

Parcel :4203 DELIVERED FROM Station: Moorgate TO Station: Covent Garden
RELEASE TIME 3552 ARRIVED TIME 4040 TIME SPENDING 488
PARCEL REMAINING 6633...

Parcel :4402 DELIVERED FROM Station: Leicester Square TO Station: Covent Garden
RELEASE TIME 2572 ARRIVED TIME 4042 TIME SPENDING 1470
PARCEL REMAINING 6632...

Parcel :2804 DELIVERED FROM Station: Oxford Circus TO Station: Holborn
RELEASE TIME 3257 ARRIVED TIME 4046 TIME SPENDING 789
PARCEL REMAINING 6631...

Parcel :204 DELIVERED FROM Station: Goodge Street TO Station: Barbican
RELEASE TIME 2038 ARRIVED TIME 4049 TIME SPENDING 2011
PARCEL REMAINING 6630...

Parcel :4005 DELIVERED FROM Station: Monument TO Station: Liverpool Street
RELEASE TIME 3267 ARRIVED TIME 4058 TIME SPENDING 791
PARCEL REMAINING 6629...

Parcel :5466 DELIVERED FROM Station: Great Portland Street TO Station: Bank
RELEASE TIME 3300 ARRIVED TIME 4072 TIME SPENDING 772
PARCEL REMAINING 6628...

Parcel :5502 DELIVERED FROM Station: Great Portland Street TO Station: King's Cross St. Pancras
RELEASE TIME 3795 ARRIVED TIME 4077 TIME SPENDING 282
PARCEL REMAINING 6627...

Parcel :5219 DELIVERED FROM Station: Liverpool Street TO Station: Mansion House
RELEASE TIME 3073 ARRIVED TIME 4078 TIME SPENDING 1005
PARCEL REMAINING 6626...

Parcel :4604 DELIVERED FROM Station: St. Paul's TO Station: Bank
RELEASE TIME 4027 ARRIVED TIME 4082 TIME SPENDING 55
PARCEL REMAINING 6625...

Parcel :3412 DELIVERED FROM Station: Piccadilly Circus TO Station: Temple
RELEASE TIME 3778 ARRIVED TIME 4101 TIME SPENDING 323
PARCEL REMAINING 6624...

Parcel :203 DELIVERED FROM Station: Goodge Street TO Station: Farringdon
RELEASE TIME 2038 ARRIVED TIME 4105 TIME SPENDING 2067
PARCEL REMAINING 6623...

Parcel :3610 DELIVERED FROM Station: Charing Cross TO Station: Chancery Lane
RELEASE TIME 3694 ARRIVED TIME 4132 TIME SPENDING 438
PARCEL REMAINING 6622...

Parcel :6209 DELIVERED FROM Station: King's Cross St. Pancras TO Station: Russell Square
RELEASE TIME 1774 ARRIVED TIME 4149 TIME SPENDING 2375
PARCEL REMAINING 6621...

Parcel :1202 DELIVERED FROM Station: Barbican TO Station: Old Street
RELEASE TIME 3101 ARRIVED TIME 4150 TIME SPENDING 1049
PARCEL REMAINING 6620...

Parcel :219 DELIVERED FROM Station: Goodge Street TO Station: Moorgate
RELEASE TIME 3536 ARRIVED TIME 4159 TIME SPENDING 623
PARCEL REMAINING 6619...

Parcel :803 DELIVERED FROM Station: Euston TO Station: Mornington Crescent
RELEASE TIME 3331 ARRIVED TIME 4176 TIME SPENDING 845
PARCEL REMAINING 6618...

Parcel :5003 DELIVERED FROM Station: Covent Garden TO Station: Chancery Lane
RELEASE TIME 2926 ARRIVED TIME 4180 TIME SPENDING 1254
PARCEL REMAINING 6617...

Parcel :5430 DELIVERED FROM Station: Great Portland Street TO Station: Angel
RELEASE TIME 1524 ARRIVED TIME 4218 TIME SPENDING 2694
PARCEL REMAINING 6616...

Parcel :2602 DELIVERED FROM Station: Cannon Street TO Station: Tottenham Court Road
RELEASE TIME 2452 ARRIVED TIME 4218 TIME SPENDING 1766
PARCEL REMAINING 6615...

Parcel :5509 DELIVERED FROM Station: Great Portland Street TO Station: Euston
RELEASE TIME 3739 ARRIVED TIME 4238 TIME SPENDING 499
PARCEL REMAINING 6614...

Parcel :403 DELIVERED FROM Station: Warren Street TO Station: Barbican
RELEASE TIME 2975 ARRIVED TIME 4273 TIME SPENDING 1298
PARCEL REMAINING 6613...

Parcel :1403 DELIVERED FROM Station: Russell Square TO Station: Blackfriars
RELEASE TIME 2984 ARRIVED TIME 4313 TIME SPENDING 1329
PARCEL REMAINING 6612...

Parcel :2830 DELIVERED FROM Station: Oxford Circus TO Station: Blackfriars
RELEASE TIME 3877 ARRIVED TIME 4313 TIME SPENDING 436
PARCEL REMAINING 6611...

Parcel :3809 DELIVERED FROM Station: Holborn TO Station: Chancery Lane
RELEASE TIME 3122 ARRIVED TIME 4323 TIME SPENDING 1201
PARCEL REMAINING 6610...

Parcel :5216 DELIVERED FROM Station: Liverpool Street TO Station: Old Street
RELEASE TIME 2964 ARRIVED TIME 4334 TIME SPENDING 1370
PARCEL REMAINING 6609...

Parcel :406 DELIVERED FROM Station: Warren Street TO Station: Old Street
RELEASE TIME 3253 ARRIVED TIME 4335 TIME SPENDING 1082
PARCEL REMAINING 6608...

Parcel :2202 DELIVERED FROM Station: Blackfriars TO Station: Oxford Circus
RELEASE TIME 2386 ARRIVED TIME 4336 TIME SPENDING 1950
PARCEL REMAINING 6607...

Parcel :4414 DELIVERED FROM Station: Leicester Square TO Station: Aldgate
RELEASE TIME 3474 ARRIVED TIME 4340 TIME SPENDING 866
PARCEL REMAINING 6606...

Parcel :3602 DELIVERED FROM Station: Charing Cross TO Station: Moorgate
RELEASE TIME 2413 ARRIVED TIME 4360 TIME SPENDING 1947
PARCEL REMAINING 6605...

Parcel :4201 DELIVERED FROM Station: Moorgate TO Station: St. Paul's
RELEASE TIME 2083 ARRIVED TIME 4361 TIME SPENDING 2278
PARCEL REMAINING 6604...

Parcel :5429 DELIVERED FROM Station: Great Portland Street TO Station: St. Paul's
RELEASE TIME 1512 ARRIVED TIME 4362 TIME SPENDING 2850
PARCEL REMAINING 6603...

Parcel :5483 DELIVERED FROM Station: Great Portland Street TO Station: Blackfriars
RELEASE TIME 3047 ARRIVED TIME 4379 TIME SPENDING 1332
PARCEL REMAINING 6602...

Parcel :5802 DELIVERED FROM Station: Chancery Lane TO Station: King's Cross St. Pancras
RELEASE TIME 2448 ARRIVED TIME 4381 TIME SPENDING 1933
PARCEL REMAINING 6601...

Parcel :5493 DELIVERED FROM Station: Great Portland Street TO Station: Moorgate
RELEASE TIME 3845 ARRIVED TIME 4397 TIME SPENDING 552
PARCEL REMAINING 6600...

Parcel :6004 DELIVERED FROM Station: Temple TO Station: Goodge Street
RELEASE TIME 2664 ARRIVED TIME 4424 TIME SPENDING 1760
PARCEL REMAINING 6599...

Parcel :3205 DELIVERED FROM Station: Tottenham Court Road TO Station: Leicester Square
RELEASE TIME 2111 ARRIVED TIME 4437 TIME SPENDING 2326
PARCEL REMAINING 6598...

Parcel :2208 DELIVERED FROM Station: Blackfriars TO Station: Monument
RELEASE TIME 3195 ARRIVED TIME 4448 TIME SPENDING 1253
PARCEL REMAINING 6597...

Parcel :2403 DELIVERED FROM Station: Mansion House TO Station: Tottenham Court Road
RELEASE TIME 3659 ARRIVED TIME 4452 TIME SPENDING 793
PARCEL REMAINING 6596...

Parcel :205 DELIVERED FROM Station: Goodge Street TO Station: Russell Square
RELEASE TIME 3707 ARRIVED TIME 4466 TIME SPENDING 759
PARCEL REMAINING 6595...

Parcel :604 DELIVERED FROM Station: Aldgate TO Station: Mornington Crescent
RELEASE TIME 2298 ARRIVED TIME 4479 TIME SPENDING 2181
PARCEL REMAINING 6594...

Parcel :5472 DELIVERED FROM Station: Great Portland Street TO Station: Regent's Park
RELEASE TIME 3464 ARRIVED TIME 4491 TIME SPENDING 1027
PARCEL REMAINING 6593...

Parcel :4805 DELIVERED FROM Station: Angel TO Station: Temple
RELEASE TIME 3466 ARRIVED TIME 4495 TIME SPENDING 1029
PARCEL REMAINING 6592...

Parcel :4416 DELIVERED FROM Station: Leicester Square TO Station: Farringdon
RELEASE TIME 3735 ARRIVED TIME 4501 TIME SPENDING 766
PARCEL REMAINING 6591...

Parcel :5476 DELIVERED FROM Station: Great Portland Street TO Station: Euston
RELEASE TIME 3489 ARRIVED TIME 4512 TIME SPENDING 1023
PARCEL REMAINING 6590...

Parcel :1415 DELIVERED FROM Station: Russell Square TO Station: St. Paul's
RELEASE TIME 4149 ARRIVED TIME 4519 TIME SPENDING 370
PARCEL REMAINING 6589...

Parcel :2629 DELIVERED FROM Station: Cannon Street TO Station: Old Street
RELEASE TIME 2724 ARRIVED TIME 4521 TIME SPENDING 1797
PARCEL REMAINING 6588...

Parcel :5495 DELIVERED FROM Station: Great Portland Street TO Station: St. Paul's
RELEASE TIME 3427 ARRIVED TIME 4521 TIME SPENDING 1094
PARCEL REMAINING 6587...

Parcel :3407 DELIVERED FROM Station: Piccadilly Circus TO Station: Covent Garden
RELEASE TIME 3393 ARRIVED TIME 4522 TIME SPENDING 1129
PARCEL REMAINING 6586...

Parcel :2828 DELIVERED FROM Station: Oxford Circus TO Station: Old Street
RELEASE TIME 3339 ARRIVED TIME 4522 TIME SPENDING 1183
PARCEL REMAINING 6585...

Parcel :2807 DELIVERED FROM Station: Oxford Circus TO Station: Leicester Square
RELEASE TIME 3529 ARRIVED TIME 4559 TIME SPENDING 1030
PARCEL REMAINING 6584...

Parcel :5486 DELIVERED FROM Station: Great Portland Street TO Station: Oxford Circus
RELEASE TIME 3795 ARRIVED TIME 4578 TIME SPENDING 783
PARCEL REMAINING 6583...

Parcel :5006 DELIVERED FROM Station: Covent Garden TO Station: Euston Square
RELEASE TIME 4040 ARRIVED TIME 4579 TIME SPENDING 539
PARCEL REMAINING 6582...

Parcel :5467 DELIVERED FROM Station: Great Portland Street TO Station: Chancery Lane
RELEASE TIME 3389 ARRIVED TIME 4597 TIME SPENDING 1208
PARCEL REMAINING 6581...

Parcel :9 DELIVERED FROM Station: Regent's Park TO Station: Green Park
RELEASE TIME 3465 ARRIVED TIME 4610 TIME SPENDING 1145
PARCEL REMAINING 6580...

Parcel :5002 DELIVERED FROM Station: Covent Garden TO Station: Bank
RELEASE TIME 3723 ARRIVED TIME 4610 TIME SPENDING 887
PARCEL REMAINING 6579...

Parcel :3207 DELIVERED FROM Station: Tottenham Court Road TO Station: Angel
RELEASE TIME 3383 ARRIVED TIME 4618 TIME SPENDING 1235
PARCEL REMAINING 6578...

Parcel :2610 DELIVERED FROM Station: Cannon Street TO Station: Angel
RELEASE TIME 3454 ARRIVED TIME 4619 TIME SPENDING 1165
PARCEL REMAINING 6577...

Parcel :3406 DELIVERED FROM Station: Piccadilly Circus TO Station: Angel
RELEASE TIME 3347 ARRIVED TIME 4625 TIME SPENDING 1278
PARCEL REMAINING 6576...

Parcel :6404 DELIVERED FROM Station: Euston Square TO Station: Aldgate
RELEASE TIME 3644 ARRIVED TIME 4640 TIME SPENDING 996
PARCEL REMAINING 6575...

Parcel :1827 DELIVERED FROM Station: Old Street TO Station: Aldgate
RELEASE TIME 4335 ARRIVED TIME 4640 TIME SPENDING 305
PARCEL REMAINING 6574...

Parcel :3801 DELIVERED FROM Station: Holborn TO Station: Moorgate
RELEASE TIME 3462 ARRIVED TIME 4666 TIME SPENDING 1204
PARCEL REMAINING 6573...

Parcel :1612 DELIVERED FROM Station: Mornington Crescent TO Station: Moorgate
RELEASE TIME 4039 ARRIVED TIME 4666 TIME SPENDING 627
PARCEL REMAINING 6572...

Parcel :603 DELIVERED FROM Station: Aldgate TO Station: Russell Square
RELEASE TIME 2274 ARRIVED TIME 4672 TIME SPENDING 2398
PARCEL REMAINING 6571...

Parcel :5491 DELIVERED FROM Station: Great Portland Street TO Station: Holborn
RELEASE TIME 3429 ARRIVED TIME 4674 TIME SPENDING 1245
PARCEL REMAINING 6570...

Parcel :811 DELIVERED FROM Station: Euston TO Station: Tottenham Court Road
RELEASE TIME 4238 ARRIVED TIME 4682 TIME SPENDING 444
PARCEL REMAINING 6569...

Parcel :3419 DELIVERED FROM Station: Piccadilly Circus TO Station: Aldgate
RELEASE TIME 4013 ARRIVED TIME 4684 TIME SPENDING 671
PARCEL REMAINING 6568...

Parcel :3405 DELIVERED FROM Station: Piccadilly Circus TO Station: St. Paul's
RELEASE TIME 2490 ARRIVED TIME 4706 TIME SPENDING 2216
PARCEL REMAINING 6567...

Parcel :1017 DELIVERED FROM Station: Farringdon TO Station: St. Paul's
RELEASE TIME 4105 ARRIVED TIME 4706 TIME SPENDING 601
PARCEL REMAINING 6566...

Parcel :5001 DELIVERED FROM Station: Covent Garden TO Station: Great Portland Street
RELEASE TIME 2644 ARRIVED TIME 4721 TIME SPENDING 2077
PARCEL REMAINING 6565...

Parcel :4603 DELIVERED FROM Station: St. Paul's TO Station: Great Portland Street
RELEASE TIME 3873 ARRIVED TIME 4723 TIME SPENDING 850
PARCEL REMAINING 6564...

Parcel :4207 DELIVERED FROM Station: Moorgate TO Station: Chancery Lane
RELEASE TIME 4159 ARRIVED TIME 4786 TIME SPENDING 627
PARCEL REMAINING 6563...

Parcel :2015 DELIVERED FROM Station: Green Park TO Station: Liverpool Street
RELEASE TIME 3964 ARRIVED TIME 4814 TIME SPENDING 850
PARCEL REMAINING 6562...

Parcel :3019 DELIVERED FROM Station: Tower Hill TO Station: Goodge Street
RELEASE TIME 3070 ARRIVED TIME 4814 TIME SPENDING 1744
PARCEL REMAINING 6561...

Parcel :5456 DELIVERED FROM Station: Great Portland Street TO Station: Piccadilly Circus
RELEASE TIME 1524 ARRIVED TIME 4825 TIME SPENDING 3301
PARCEL REMAINING 6560...

Parcel :5490 DELIVERED FROM Station: Great Portland Street TO Station: Charing Cross
RELEASE TIME 3389 ARRIVED TIME 4849 TIME SPENDING 1460
PARCEL REMAINING 6559...

Parcel :3814 DELIVERED FROM Station: Holborn TO Station: Regent's Park
RELEASE TIME 4046 ARRIVED TIME 4853 TIME SPENDING 807
PARCEL REMAINING 6558...

Parcel :5498 DELIVERED FROM Station: Great Portland Street TO Station: Liverpool Street
RELEASE TIME 4234 ARRIVED TIME 4857 TIME SPENDING 623
PARCEL REMAINING 6557...

Parcel :3206 DELIVERED FROM Station: Tottenham Court Road TO Station: St. Paul's
RELEASE TIME 2111 ARRIVED TIME 4898 TIME SPENDING 2787
PARCEL REMAINING 6556...

Parcel :5837 DELIVERED FROM Station: Chancery Lane TO Station: Embankment
RELEASE TIME 4180 ARRIVED TIME 4900 TIME SPENDING 720
PARCEL REMAINING 6555...

Parcel :1601 DELIVERED FROM Station: Mornington Crescent TO Station: Green Park
RELEASE TIME 3589 ARRIVED TIME 4916 TIME SPENDING 1327
PARCEL REMAINING 6554...

Parcel :5497 DELIVERED FROM Station: Great Portland Street TO Station: Covent Garden
RELEASE TIME 4048 ARRIVED TIME 4916 TIME SPENDING 868
PARCEL REMAINING 6553...

Parcel :6402 DELIVERED FROM Station: Euston Square TO Station: Goodge Street
RELEASE TIME 3587 ARRIVED TIME 4920 TIME SPENDING 1333
PARCEL REMAINING 6552...

Parcel :226 DELIVERED FROM Station: Goodge Street TO Station: Bank
RELEASE TIME 3632 ARRIVED TIME 4922 TIME SPENDING 1290
PARCEL REMAINING 6551...

Parcel :425 DELIVERED FROM Station: Warren Street TO Station: Bank
RELEASE TIME 3713 ARRIVED TIME 4922 TIME SPENDING 1209
PARCEL REMAINING 6550...

Parcel :13 DELIVERED FROM Station: Regent's Park TO Station: Oxford Circus
RELEASE TIME 4853 ARRIVED TIME 4923 TIME SPENDING 70
PARCEL REMAINING 6549...

Parcel :2813 DELIVERED FROM Station: Oxford Circus TO Station: Bank
RELEASE TIME 3086 ARRIVED TIME 4926 TIME SPENDING 1840
PARCEL REMAINING 6548...

Parcel :6024 DELIVERED FROM Station: Temple TO Station: Moorgate
RELEASE TIME 4101 ARRIVED TIME 4942 TIME SPENDING 841
PARCEL REMAINING 6547...

Parcel :5501 DELIVERED FROM Station: Great Portland Street TO Station: Temple
RELEASE TIME 3464 ARRIVED TIME 4944 TIME SPENDING 1480
PARCEL REMAINING 6546...

Parcel :4003 DELIVERED FROM Station: Monument TO Station: Angel
RELEASE TIME 2460 ARRIVED TIME 4946 TIME SPENDING 2486
PARCEL REMAINING 6545...

Parcel :1609 DELIVERED FROM Station: Mornington Crescent TO Station: Charing Cross
RELEASE TIME 3593 ARRIVED TIME 4949 TIME SPENDING 1356
PARCEL REMAINING 6544...

Parcel :5471 DELIVERED FROM Station: Great Portland Street TO Station: Embankment
RELEASE TIME 3429 ARRIVED TIME 4957 TIME SPENDING 1528
PARCEL REMAINING 6543...

Parcel :3 DELIVERED FROM Station: Regent's Park TO Station: Euston
RELEASE TIME 3325 ARRIVED TIME 4959 TIME SPENDING 1634
PARCEL REMAINING 6542...

Parcel :5804 DELIVERED FROM Station: Chancery Lane TO Station: Embankment
RELEASE TIME 4597 ARRIVED TIME 4960 TIME SPENDING 363
PARCEL REMAINING 6541...

Parcel :3614 DELIVERED FROM Station: Charing Cross TO Station: Embankment
RELEASE TIME 4849 ARRIVED TIME 4960 TIME SPENDING 111
PARCEL REMAINING 6540...

Parcel :1808 DELIVERED FROM Station: Old Street TO Station: Charing Cross
RELEASE TIME 3963 ARRIVED TIME 4979 TIME SPENDING 1016
PARCEL REMAINING 6539...

Parcel :5518 DELIVERED FROM Station: Great Portland Street TO Station: Cannon Street
RELEASE TIME 3845 ARRIVED TIME 4983 TIME SPENDING 1138
PARCEL REMAINING 6538...

Parcel :2204 DELIVERED FROM Station: Blackfriars TO Station: Tottenham Court Road
RELEASE TIME 2610 ARRIVED TIME 5015 TIME SPENDING 2405
PARCEL REMAINING 6537...

Parcel :5 DELIVERED FROM Station: Regent's Park TO Station: Barbican
RELEASE TIME 3466 ARRIVED TIME 5023 TIME SPENDING 1557
PARCEL REMAINING 6536...

Parcel :7 DELIVERED FROM Station: Regent's Park TO Station: Mornington Crescent
RELEASE TIME 3325 ARRIVED TIME 5025 TIME SPENDING 1700
PARCEL REMAINING 6535...

Parcel :3806 DELIVERED FROM Station: Holborn TO Station: Liverpool Street
RELEASE TIME 3725 ARRIVED TIME 5026 TIME SPENDING 1301
PARCEL REMAINING 6534...

Parcel :5487 DELIVERED FROM Station: Great Portland Street TO Station: Tower Hill
RELEASE TIME 3807 ARRIVED TIME 5031 TIME SPENDING 1224
PARCEL REMAINING 6533...

Parcel :4403 DELIVERED FROM Station: Leicester Square TO Station: Liverpool Street
RELEASE TIME 3453 ARRIVED TIME 5031 TIME SPENDING 1578
PARCEL REMAINING 6532...

Parcel :4602 DELIVERED FROM Station: St. Paul's TO Station: Liverpool Street
RELEASE TIME 3166 ARRIVED TIME 5032 TIME SPENDING 1866
PARCEL REMAINING 6531...

Parcel :3607 DELIVERED FROM Station: Charing Cross TO Station: Liverpool Street
RELEASE TIME 3463 ARRIVED TIME 5032 TIME SPENDING 1569
PARCEL REMAINING 6530...

Parcel :3815 DELIVERED FROM Station: Holborn TO Station: Goodge Street
RELEASE TIME 3638 ARRIVED TIME 5059 TIME SPENDING 1421
PARCEL REMAINING 6529...

Parcel :2612 DELIVERED FROM Station: Cannon Street TO Station: Liverpool Street
RELEASE TIME 2583 ARRIVED TIME 5069 TIME SPENDING 2486
PARCEL REMAINING 6528...

Parcel :6619 DELIVERED FROM Station: Embankment TO Station: Charing Cross
RELEASE TIME 4960 ARRIVED TIME 5073 TIME SPENDING 113
PARCEL REMAINING 6527...

Parcel :2406 DELIVERED FROM Station: Mansion House TO Station: Holborn
RELEASE TIME 3489 ARRIVED TIME 5106 TIME SPENDING 1617
PARCEL REMAINING 6526...

Parcel :1014 DELIVERED FROM Station: Farringdon TO Station: Monument
RELEASE TIME 3877 ARRIVED TIME 5108 TIME SPENDING 1231
PARCEL REMAINING 6525...

Parcel :3605 DELIVERED FROM Station: Charing Cross TO Station: Angel
RELEASE TIME 3573 ARRIVED TIME 5139 TIME SPENDING 1566
PARCEL REMAINING 6524...

Parcel :5492 DELIVERED FROM Station: Great Portland Street TO Station: Monument
RELEASE TIME 3810 ARRIVED TIME 5191 TIME SPENDING 1381
PARCEL REMAINING 6523...

Parcel :405 DELIVERED FROM Station: Warren Street TO Station: Mornington Crescent
RELEASE TIME 3653 ARRIVED TIME 5193 TIME SPENDING 1540
PARCEL REMAINING 6522...

Parcel :3416 DELIVERED FROM Station: Piccadilly Circus TO Station: Regent's Park
RELEASE TIME 3938 ARRIVED TIME 5202 TIME SPENDING 1264
PARCEL REMAINING 6521...

Parcel :4803 DELIVERED FROM Station: Angel TO Station: Bank
RELEASE TIME 3409 ARRIVED TIME 5222 TIME SPENDING 1813
PARCEL REMAINING 6520...

Parcel :1622 DELIVERED FROM Station: Mornington Crescent TO Station: King's Cross St. Pancras
RELEASE TIME 5025 ARRIVED TIME 5227 TIME SPENDING 202
PARCEL REMAINING 6519...

Parcel :4611 DELIVERED FROM Station: St. Paul's TO Station: Goodge Street
RELEASE TIME 4362 ARRIVED TIME 5229 TIME SPENDING 867
PARCEL REMAINING 6518...

Parcel :5010 DELIVERED FROM Station: Covent Garden TO Station: Warren Street
RELEASE TIME 4042 ARRIVED TIME 5233 TIME SPENDING 1191
PARCEL REMAINING 6517...

Parcel :4619 DELIVERED FROM Station: St. Paul's TO Station: Old Street
RELEASE TIME 4519 ARRIVED TIME 5244 TIME SPENDING 725
PARCEL REMAINING 6516...

Parcel :5481 DELIVERED FROM Station: Great Portland Street TO Station: Old Street
RELEASE TIME 3658 ARRIVED TIME 5246 TIME SPENDING 1588
PARCEL REMAINING 6515...

Parcel :6022 DELIVERED FROM Station: Temple TO Station: Holborn
RELEASE TIME 3535 ARRIVED TIME 5258 TIME SPENDING 1723
PARCEL REMAINING 6514...

Parcel :6213 DELIVERED FROM Station: King's Cross St. Pancras TO Station: Blackfriars
RELEASE TIME 4077 ARRIVED TIME 5271 TIME SPENDING 1194
PARCEL REMAINING 6513...

Parcel :5488 DELIVERED FROM Station: Great Portland Street TO Station: Tottenham Court Road
RELEASE TIME 3300 ARRIVED TIME 5294 TIME SPENDING 1994
PARCEL REMAINING 6512...

Parcel :2810 DELIVERED FROM Station: Oxford Circus TO Station: Covent Garden
RELEASE TIME 2871 ARRIVED TIME 5294 TIME SPENDING 2423
PARCEL REMAINING 6511...

Parcel :4404 DELIVERED FROM Station: Leicester Square TO Station: Great Portland Street
RELEASE TIME 3794 ARRIVED TIME 5308 TIME SPENDING 1514
PARCEL REMAINING 6510...

Parcel :3020 DELIVERED FROM Station: Tower Hill TO Station: Warren Street
RELEASE TIME 3287 ARRIVED TIME 5308 TIME SPENDING 2021
PARCEL REMAINING 6509...

Parcel :4205 DELIVERED FROM Station: Moorgate TO Station: Great Portland Street
RELEASE TIME 4666 ARRIVED TIME 5310 TIME SPENDING 644
PARCEL REMAINING 6508...

Parcel :3022 DELIVERED FROM Station: Tower Hill TO Station: Euston
RELEASE TIME 3830 ARRIVED TIME 5320 TIME SPENDING 1490
PARCEL REMAINING 6507...

Parcel :5235 DELIVERED FROM Station: Liverpool Street TO Station: Chancery Lane
RELEASE TIME 5032 ARRIVED TIME 5321 TIME SPENDING 289
PARCEL REMAINING 6506...

Parcel :814 DELIVERED FROM Station: Euston TO Station: Holborn
RELEASE TIME 4512 ARRIVED TIME 5323 TIME SPENDING 811
PARCEL REMAINING 6505...

Parcel :6406 DELIVERED FROM Station: Euston Square TO Station: Farringdon
RELEASE TIME 3975 ARRIVED TIME 5339 TIME SPENDING 1364
PARCEL REMAINING 6504...

Parcel :623 DELIVERED FROM Station: Aldgate TO Station: Great Portland Street
RELEASE TIME 3154 ARRIVED TIME 5340 TIME SPENDING 2186
PARCEL REMAINING 6503...

Parcel :620 DELIVERED FROM Station: Aldgate TO Station: Angel
RELEASE TIME 2285 ARRIVED TIME 5344 TIME SPENDING 3059
PARCEL REMAINING 6502...

Parcel :1847 DELIVERED FROM Station: Old Street TO Station: Angel
RELEASE TIME 5244 ARRIVED TIME 5344 TIME SPENDING 100
PARCEL REMAINING 6501...

Parcel :4804 DELIVERED FROM Station: Angel TO Station: Chancery Lane
RELEASE TIME 3409 ARRIVED TIME 5354 TIME SPENDING 1945
PARCEL REMAINING 6500...

Parcel :2217 DELIVERED FROM Station: Blackfriars TO Station: Chancery Lane
RELEASE TIME 4379 ARRIVED TIME 5354 TIME SPENDING 975
PARCEL REMAINING 6499...

Parcel :5820 DELIVERED FROM Station: Chancery Lane TO Station: Tower Hill
RELEASE TIME 4132 ARRIVED TIME 5354 TIME SPENDING 1222
PARCEL REMAINING 6498...

Parcel :5477 DELIVERED FROM Station: Great Portland Street TO Station: Farringdon
RELEASE TIME 3616 ARRIVED TIME 5356 TIME SPENDING 1740
PARCEL REMAINING 6497...

Parcel :14 DELIVERED FROM Station: Regent's Park TO Station: Tower Hill
RELEASE TIME 3467 ARRIVED TIME 5359 TIME SPENDING 1892
PARCEL REMAINING 6496...

Parcel :810 DELIVERED FROM Station: Euston TO Station: Tower Hill
RELEASE TIME 3832 ARRIVED TIME 5359 TIME SPENDING 1527
PARCEL REMAINING 6495...

Parcel :2404 DELIVERED FROM Station: Mansion House TO Station: Piccadilly Circus
RELEASE TIME 3489 ARRIVED TIME 5375 TIME SPENDING 1886
PARCEL REMAINING 6494...

Parcel :16 DELIVERED FROM Station: Regent's Park TO Station: Piccadilly Circus
RELEASE TIME 5202 ARRIVED TIME 5395 TIME SPENDING 193
PARCEL REMAINING 6493...

Parcel :1602 DELIVERED FROM Station: Mornington Crescent TO Station: Blackfriars
RELEASE TIME 4176 ARRIVED TIME 5403 TIME SPENDING 1227
PARCEL REMAINING 6492...

Parcel :3622 DELIVERED FROM Station: Charing Cross TO Station: Russell Square
RELEASE TIME 4979 ARRIVED TIME 5418 TIME SPENDING 439
PARCEL REMAINING 6491...

Parcel :3426 DELIVERED FROM Station: Piccadilly Circus TO Station: Green Park
RELEASE TIME 5375 ARRIVED TIME 5424 TIME SPENDING 49
PARCEL REMAINING 6490...

Parcel :5482 DELIVERED FROM Station: Great Portland Street TO Station: Green Park
RELEASE TIME 3680 ARRIVED TIME 5426 TIME SPENDING 1746
PARCEL REMAINING 6489...

Parcel :2 DELIVERED FROM Station: Regent's Park TO Station: Aldgate
RELEASE TIME 4491 ARRIVED TIME 5444 TIME SPENDING 953
PARCEL REMAINING 6488...

Parcel :3433 DELIVERED FROM Station: Piccadilly Circus TO Station: Charing Cross
RELEASE TIME 5395 ARRIVED TIME 5463 TIME SPENDING 68
PARCEL REMAINING 6487...

Parcel :1611 DELIVERED FROM Station: Mornington Crescent TO Station: Monument
RELEASE TIME 3589 ARRIVED TIME 5471 TIME SPENDING 1882
PARCEL REMAINING 6486...

Parcel :2805 DELIVERED FROM Station: Oxford Circus TO Station: Monument
RELEASE TIME 4578 ARRIVED TIME 5473 TIME SPENDING 895
PARCEL REMAINING 6485...

Parcel :2006 DELIVERED FROM Station: Green Park TO Station: Piccadilly Circus
RELEASE TIME 5426 ARRIVED TIME 5475 TIME SPENDING 49
PARCEL REMAINING 6484...

Parcel :4408 DELIVERED FROM Station: Leicester Square TO Station: King's Cross St. Pancras
RELEASE TIME 3453 ARRIVED TIME 5488 TIME SPENDING 2035
PARCEL REMAINING 6483...

Parcel :3612 DELIVERED FROM Station: Charing Cross TO Station: King's Cross St. Pancras
RELEASE TIME 3907 ARRIVED TIME 5488 TIME SPENDING 1581
PARCEL REMAINING 6482...

Parcel :6 DELIVERED FROM Station: Regent's Park TO Station: Russell Square
RELEASE TIME 2941 ARRIVED TIME 5501 TIME SPENDING 2560
PARCEL REMAINING 6481...

Parcel :2036 DELIVERED FROM Station: Green Park TO Station: Oxford Circus
RELEASE TIME 5424 ARRIVED TIME 5511 TIME SPENDING 87
PARCEL REMAINING 6480...

Parcel :4622 DELIVERED FROM Station: St. Paul's TO Station: Mansion House
RELEASE TIME 4521 ARRIVED TIME 5536 TIME SPENDING 1015
PARCEL REMAINING 6479...

Parcel :5485 DELIVERED FROM Station: Great Portland Street TO Station: Cannon Street
RELEASE TIME 3739 ARRIVED TIME 5559 TIME SPENDING 1820
PARCEL REMAINING 6478...

Parcel :5016 DELIVERED FROM Station: Covent Garden TO Station: Mornington Crescent
RELEASE TIME 4522 ARRIVED TIME 5564 TIME SPENDING 1042
PARCEL REMAINING 6477...

Parcel :4013 DELIVERED FROM Station: Monument TO Station: Regent's Park
RELEASE TIME 3724 ARRIVED TIME 5581 TIME SPENDING 1857
PARCEL REMAINING 6476...

Parcel :6602 DELIVERED FROM Station: Embankment TO Station: Goodge Street
RELEASE TIME 4960 ARRIVED TIME 5589 TIME SPENDING 629
PARCEL REMAINING 6475...

Parcel :2013 DELIVERED FROM Station: Green Park TO Station: Angel
RELEASE TIME 3827 ARRIVED TIME 5605 TIME SPENDING 1778
PARCEL REMAINING 6474...

Parcel :12 DELIVERED FROM Station: Regent's Park TO Station: Cannon Street
RELEASE TIME 3467 ARRIVED TIME 5608 TIME SPENDING 2141
PARCEL REMAINING 6473...

Parcel :1836 DELIVERED FROM Station: Old Street TO Station: Cannon Street
RELEASE TIME 4521 ARRIVED TIME 5608 TIME SPENDING 1087
PARCEL REMAINING 6472...

Parcel :1405 DELIVERED FROM Station: Russell Square TO Station: Cannon Street
RELEASE TIME 4466 ARRIVED TIME 5610 TIME SPENDING 1144
PARCEL REMAINING 6471...

Parcel :5609 DELIVERED FROM Station: Bank TO Station: Euston
RELEASE TIME 4922 ARRIVED TIME 5615 TIME SPENDING 693
PARCEL REMAINING 6470...

Parcel :2209 DELIVERED FROM Station: Blackfriars TO Station: Moorgate
RELEASE TIME 4313 ARRIVED TIME 5619 TIME SPENDING 1306
PARCEL REMAINING 6469...

Parcel :5601 DELIVERED FROM Station: Bank TO Station: Temple
RELEASE TIME 4610 ARRIVED TIME 5620 TIME SPENDING 1010
PARCEL REMAINING 6468...

Parcel :3409 DELIVERED FROM Station: Piccadilly Circus TO Station: Great Portland Street
RELEASE TIME 3641 ARRIVED TIME 5631 TIME SPENDING 1990
PARCEL REMAINING 6467...

