***********************************************************************************************************

Mode: AVOID_TRAFFIC_JAM

SmarPickUp: true

Refugee Island On: false

Random number seed: 1168243636

Number Of ExpressCenters: 36

Number Of Parcels: 180000

Number Of Cars: 100

Maximum Car carrying weight: 100

Map size: 300

The degree of busyLevel in Express Centre: 9

Congestion Level: 8

***********************************************************************************************************

Sum Of All Parcels Delivering Time: 552295997

Average Parcel Delivering Time Since Pick Up: 3068

Average Parcel Delivering Time Since Generate: 3637

Longest Deliver time since pick up: 14467

Longest Deliver time since generate: 16200

System Time Of Finishing Delivery All Parcels: 144666

Time Saved By Path Changing Path (compare to old path): 400506

***********************************************************************************************************
