***********************************************************************************************************

Mode: AVOID_TRAFFIC_JAM

SmarPickUp: true

Refugee Island On: false

Random number seed: 1168243636

Number Of ExpressCenters: 36

Number Of Parcels: 180000

Number Of Cars: 100

Maximum Car carrying weight: 100

Map size: 300

The degree of busyLevel in Express Centre: 9

Congestion Level: 8

***********************************************************************************************************

Sum Of All Parcels Delivering Time: 358644749

Average Parcel Delivering Time Since Pick Up: 1992

Average Parcel Delivering Time Since Generate: 3418

Longest Deliver time since pick up: 12304

Longest Deliver time since generate: 38565

System Time Of Finishing Delivery All Parcels: 144564

Time Saved By Path Changing Path (compare to old path): 299054

***********************************************************************************************************
